Initialize log 1528384257 PID : 7952
Redirecting stdout
In child : 7952
Initialize log 1528384257 PID : 7953
Redirecting stdin
Redirecting stdout
Bad file descriptor
In child : 7953
Calling execv on /bin/grep (in PATH)
	arguments 0 : grep
	arguments 1 : for
	arguments 2 : shell.c
Initialize log 1528384257 PID : 7954
Redirecting stdin
In child : 7954
Calling execv on /usr/bin/cut (in PATH)
	arguments 0 : cut
	arguments 1 : -c1-40
Calling execv on /usr/bin/cut (in PATH)
	arguments 0 : cut
	arguments 1 : -c1-15
